c:\users\gkstj\desktop\project\skul_imitation\skul_imitation\skul_imitation\x64\debug\skul_imitation.pch
c:\users\gkstj\desktop\project\skul_imitation\skul_imitation\skul_imitation\x64\debug\vc143.pdb
c:\users\gkstj\desktop\project\skul_imitation\skul_imitation\skul_imitation\x64\debug\vc143.idb
c:\users\gkstj\desktop\project\skul_imitation\skul_imitation\skul_imitation\x64\debug\pch.obj
c:\users\gkstj\desktop\project\skul_imitation\skul_imitation\skul_imitation\x64\debug\cscrollmgr.obj
c:\users\gkstj\desktop\project\skul_imitation\skul_imitation\skul_imitation\x64\debug\cscenemgr.obj
c:\users\gkstj\desktop\project\skul_imitation\skul_imitation\skul_imitation\x64\debug\cscene.obj
c:\users\gkstj\desktop\project\skul_imitation\skul_imitation\skul_imitation\x64\debug\cobjmgr.obj
c:\users\gkstj\desktop\project\skul_imitation\skul_imitation\skul_imitation\x64\debug\cobj.obj
c:\users\gkstj\desktop\project\skul_imitation\skul_imitation\skul_imitation\x64\debug\cmybmp.obj
c:\users\gkstj\desktop\project\skul_imitation\skul_imitation\skul_imitation\x64\debug\cmouse.obj
c:\users\gkstj\desktop\project\skul_imitation\skul_imitation\skul_imitation\x64\debug\cmenu.obj
c:\users\gkstj\desktop\project\skul_imitation\skul_imitation\skul_imitation\x64\debug\cmaingame.obj
c:\users\gkstj\desktop\project\skul_imitation\skul_imitation\skul_imitation\x64\debug\ctitle.obj
c:\users\gkstj\desktop\project\skul_imitation\skul_imitation\skul_imitation\x64\debug\cquadtree.obj
c:\users\gkstj\desktop\project\skul_imitation\skul_imitation\skul_imitation\x64\debug\cplayer.obj
c:\users\gkstj\desktop\project\skul_imitation\skul_imitation\skul_imitation\x64\debug\clinemgr.obj
c:\users\gkstj\desktop\project\skul_imitation\skul_imitation\skul_imitation\x64\debug\cline.obj
c:\users\gkstj\desktop\project\skul_imitation\skul_imitation\skul_imitation\x64\debug\ckeymgr.obj
c:\users\gkstj\desktop\project\skul_imitation\skul_imitation\skul_imitation\x64\debug\cedit.obj
c:\users\gkstj\desktop\project\skul_imitation\skul_imitation\skul_imitation\x64\debug\ccollisionmgr.obj
c:\users\gkstj\desktop\project\skul_imitation\skul_imitation\skul_imitation\x64\debug\cbutton.obj
c:\users\gkstj\desktop\project\skul_imitation\skul_imitation\skul_imitation\x64\debug\cbmpmgr.obj
c:\users\gkstj\desktop\project\skul_imitation\skul_imitation\skul_imitation\x64\debug\ccameramgr.obj
c:\users\gkstj\desktop\project\skul_imitation\skul_imitation\skul_imitation\x64\debug\skul_imitation.obj
c:\users\gkstj\desktop\project\skul_imitation\skul_imitation\skul_imitation\x64\debug\ctilemgr.obj
c:\users\gkstj\desktop\project\skul_imitation\skul_imitation\skul_imitation\x64\debug\ctile.obj
c:\users\gkstj\desktop\project\skul_imitation\skul_imitation\skul_imitation\x64\debug\cstage.obj
c:\users\gkstj\desktop\project\skul_imitation\skul_imitation\skul_imitation\x64\debug\skul_imitation.res
c:\users\gkstj\desktop\project\skul_imitation\skul_imitation\skul_imitation\x64\debug\skul_imitation.ilk
c:\users\gkstj\desktop\project\skul_imitation\skul_imitation\x64\debug\skul_imitation.pdb
c:\users\gkstj\desktop\project\skul_imitation\skul_imitation\x64\debug\skul_imitation.exe
c:\users\gkstj\desktop\project\skul_imitation\skul_imitation\skul_imitation\x64\debug\skul_imitation.tlog\cl.command.1.tlog
c:\users\gkstj\desktop\project\skul_imitation\skul_imitation\skul_imitation\x64\debug\skul_imitation.tlog\cl.items.tlog
c:\users\gkstj\desktop\project\skul_imitation\skul_imitation\skul_imitation\x64\debug\skul_imitation.tlog\cl.read.1.tlog
c:\users\gkstj\desktop\project\skul_imitation\skul_imitation\skul_imitation\x64\debug\skul_imitation.tlog\cl.write.1.tlog
c:\users\gkstj\desktop\project\skul_imitation\skul_imitation\skul_imitation\x64\debug\skul_imitation.tlog\link.command.1.tlog
c:\users\gkstj\desktop\project\skul_imitation\skul_imitation\skul_imitation\x64\debug\skul_imitation.tlog\link.read.1.tlog
c:\users\gkstj\desktop\project\skul_imitation\skul_imitation\skul_imitation\x64\debug\skul_imitation.tlog\link.secondary.1.tlog
c:\users\gkstj\desktop\project\skul_imitation\skul_imitation\skul_imitation\x64\debug\skul_imitation.tlog\link.write.1.tlog
c:\users\gkstj\desktop\project\skul_imitation\skul_imitation\skul_imitation\x64\debug\skul_imitation.tlog\rc.command.1.tlog
c:\users\gkstj\desktop\project\skul_imitation\skul_imitation\skul_imitation\x64\debug\skul_imitation.tlog\rc.read.1.tlog
c:\users\gkstj\desktop\project\skul_imitation\skul_imitation\skul_imitation\x64\debug\skul_imitation.tlog\rc.write.1.tlog
