  CAttackState.cpp
C:\Users\gkstj\OneDrive\바탕 화면\Project\Skul_Imitation\Skul_Imitation\CAttackState.cpp(29,51): warning C4244: '인수': 'ULONGLONG'에서 'DWORD'(으)로 변환하면서 데이터가 손실될 수 있습니다.
  (소스 파일 '/CAttackState.cpp'을(를) 컴파일하는 중)
  
C:\Users\gkstj\OneDrive\바탕 화면\Project\Skul_Imitation\Skul_Imitation\CAttackState.cpp(39,51): warning C4244: '인수': 'ULONGLONG'에서 'DWORD'(으)로 변환하면서 데이터가 손실될 수 있습니다.
  (소스 파일 '/CAttackState.cpp'을(를) 컴파일하는 중)
  
C:\Users\gkstj\OneDrive\바탕 화면\Project\Skul_Imitation\Skul_Imitation\CAttackState.cpp(49,51): warning C4244: '인수': 'ULONGLONG'에서 'DWORD'(으)로 변환하면서 데이터가 손실될 수 있습니다.
  (소스 파일 '/CAttackState.cpp'을(를) 컴파일하는 중)
  
  CCollisionMgr.cpp
C:\Users\gkstj\OneDrive\바탕 화면\Project\Skul_Imitation\Skul_Imitation\CCollisionMgr.cpp(505,41): warning C4244: '인수': 'LONG'에서 'float'(으)로 변환하면서 데이터가 손실될 수 있습니다.
  (소스 파일 '/CCollisionMgr.cpp'을(를) 컴파일하는 중)
  
C:\Users\gkstj\OneDrive\바탕 화면\Project\Skul_Imitation\Skul_Imitation\CCollisionMgr.cpp(508,43): warning C4244: '인수': 'LONG'에서 'float'(으)로 변환하면서 데이터가 손실될 수 있습니다.
  (소스 파일 '/CCollisionMgr.cpp'을(를) 컴파일하는 중)
  
C:\Users\gkstj\OneDrive\바탕 화면\Project\Skul_Imitation\Skul_Imitation\CCollisionMgr.cpp(515,44): warning C4244: '인수': 'LONG'에서 'float'(으)로 변환하면서 데이터가 손실될 수 있습니다.
  (소스 파일 '/CCollisionMgr.cpp'을(를) 컴파일하는 중)
  
C:\Users\gkstj\OneDrive\바탕 화면\Project\Skul_Imitation\Skul_Imitation\CCollisionMgr.cpp(550,36): warning C4244: '인수': 'LONG'에서 'float'(으)로 변환하면서 데이터가 손실될 수 있습니다.
  (소스 파일 '/CCollisionMgr.cpp'을(를) 컴파일하는 중)
  
C:\Users\gkstj\OneDrive\바탕 화면\Project\Skul_Imitation\Skul_Imitation\CCollisionMgr.cpp(556,37): warning C4244: '인수': 'LONG'에서 'float'(으)로 변환하면서 데이터가 손실될 수 있습니다.
  (소스 파일 '/CCollisionMgr.cpp'을(를) 컴파일하는 중)
  
  CDashState.cpp
  CFallState.cpp
  CIdleState.cpp
  CJumpStartState.cpp
  CPlayer.cpp
C:\Users\gkstj\OneDrive\바탕 화면\Project\Skul_Imitation\Skul_Imitation\CPlayer.cpp(82,60): warning C4244: '인수': 'float'에서 'int'(으)로 변환하면서 데이터가 손실될 수 있습니다.
  (소스 파일 '/CPlayer.cpp'을(를) 컴파일하는 중)
  
C:\Users\gkstj\OneDrive\바탕 화면\Project\Skul_Imitation\Skul_Imitation\CPlayer.cpp(82,48): warning C4244: '인수': 'float'에서 'int'(으)로 변환하면서 데이터가 손실될 수 있습니다.
  (소스 파일 '/CPlayer.cpp'을(를) 컴파일하는 중)
  
  CRisingState.cpp
  CSkillState.cpp
C:\Users\gkstj\OneDrive\바탕 화면\Project\Skul_Imitation\Skul_Imitation\CSkillState.cpp(19,35): warning C4244: '=': 'ULONGLONG'에서 'DWORD'(으)로 변환하면서 데이터가 손실될 수 있습니다.
  (소스 파일 '/CSkillState.cpp'을(를) 컴파일하는 중)
  
  CSkulHead.cpp
  CSkulHeadNormal.cpp
C:\Users\gkstj\OneDrive\바탕 화면\Project\Skul_Imitation\Skul_Imitation\CSkulHeadNormal.cpp(43,134): warning C4244: '인수': 'ULONGLONG'에서 'DWORD'(으)로 변환하면서 데이터가 손실될 수 있습니다.
  (소스 파일 '/CSkulHeadNormal.cpp'을(를) 컴파일하는 중)
  
C:\Users\gkstj\OneDrive\바탕 화면\Project\Skul_Imitation\Skul_Imitation\CSkulHeadNormal.cpp(58,134): warning C4244: '인수': 'ULONGLONG'에서 'DWORD'(으)로 변환하면서 데이터가 손실될 수 있습니다.
  (소스 파일 '/CSkulHeadNormal.cpp'을(를) 컴파일하는 중)
  
  CSkulSamurai.cpp
C:\Users\gkstj\OneDrive\바탕 화면\Project\Skul_Imitation\Skul_Imitation\CSkulSamurai.cpp(41,134): warning C4244: '인수': 'ULONGLONG'에서 'DWORD'(으)로 변환하면서 데이터가 손실될 수 있습니다.
  (소스 파일 '/CSkulSamurai.cpp'을(를) 컴파일하는 중)
  
C:\Users\gkstj\OneDrive\바탕 화면\Project\Skul_Imitation\Skul_Imitation\CSkulSamurai.cpp(57,134): warning C4244: '인수': 'ULONGLONG'에서 'DWORD'(으)로 변환하면서 데이터가 손실될 수 있습니다.
  (소스 파일 '/CSkulSamurai.cpp'을(를) 컴파일하는 중)
  
  CSkulZinSamurai.cpp
C:\Users\gkstj\OneDrive\바탕 화면\Project\Skul_Imitation\Skul_Imitation\CSkulZinSamurai.cpp(39,134): warning C4244: '인수': 'ULONGLONG'에서 'DWORD'(으)로 변환하면서 데이터가 손실될 수 있습니다.
  (소스 파일 '/CSkulZinSamurai.cpp'을(를) 컴파일하는 중)
  
C:\Users\gkstj\OneDrive\바탕 화면\Project\Skul_Imitation\Skul_Imitation\CSkulZinSamurai.cpp(55,134): warning C4244: '인수': 'ULONGLONG'에서 'DWORD'(으)로 변환하면서 데이터가 손실될 수 있습니다.
  (소스 파일 '/CSkulZinSamurai.cpp'을(를) 컴파일하는 중)
  
  CStage.cpp
  CThrownHead.cpp
  CUISkul.cpp
  CWalkState.cpp
C:\Users\gkstj\OneDrive\바탕 화면\Project\Skul_Imitation\Skul_Imitation\CWalkState.cpp(13,130): warning C4244: '인수': 'ULONGLONG'에서 'DWORD'(으)로 변환하면서 데이터가 손실될 수 있습니다.
  (소스 파일 '/CWalkState.cpp'을(를) 컴파일하는 중)
  
  코드를 생성하고 있습니다...
  Skul_Imitation.vcxproj -> C:\Users\gkstj\OneDrive\바탕 화면\Project\Skul_Imitation\Skul_Imitation\Debug\Skul_Imitation.exe
